2018-04-07 10:09:38,624   INFO        Функция	send_byte_request 	вызвана из функции	__init__
2018-04-07 10:09:38,635   INFO        Функция	send_byte_request 	вызвана из функции	get_login
2018-04-07 10:11:08,032   INFO        Функция	send_byte_request 	вызвана из функции	__init__
2018-04-07 10:11:08,045   INFO        Функция	send_byte_request 	вызвана из функции	get_login
2018-04-07 10:11:20,249   INFO        Функция	send_byte_request 	вызвана из функции	add_contact
2018-04-07 10:11:24,664   INFO        Функция	send_byte_request 	вызвана из функции	add_contact
2018-04-07 10:11:29,283   INFO        Функция	send_byte_request 	вызвана из функции	add_contact
2018-04-07 10:11:46,244   INFO        Функция	send_byte_request 	вызвана из функции	send_press
2018-04-07 10:12:02,849   INFO        Функция	send_byte_request 	вызвана из функции	send_press
2018-04-07 10:12:09,098   INFO        Функция	send_byte_request 	вызвана из функции	add_contact
2018-04-07 10:12:15,212   INFO        Функция	send_byte_request 	вызвана из функции	send_press
2018-04-07 10:50:00,755   INFO        Function	send_byte_request 	called from	__init__
2018-04-07 10:50:00,771   INFO        Function	send_byte_request 	called from	get_login
2018-04-07 10:50:04,714   INFO        Function	send_byte_request 	called from	send_press
2018-04-07 10:50:07,052   INFO        Function	send_byte_request 	called from	send_press
2018-04-07 10:50:09,691   INFO        Function	send_byte_request 	called from	send_press
2018-04-07 10:50:12,904   INFO        Function	send_byte_request 	called from	send_press
2018-04-07 10:50:14,373   INFO        Function	send_byte_request 	called from	send_press
2018-04-07 10:57:47,332   INFO        Function	send_byte_request 	called from	add_contact
2018-04-07 10:57:55,898   INFO        Function	send_byte_request 	called from	add_contact
2018-04-07 10:57:56,693   INFO        Function	send_byte_request 	called from	add_contact
2018-04-07 10:58:19,578   INFO        Function	send_byte_request 	called from	del_contact
2018-04-07 10:58:20,634   INFO        Function	send_byte_request 	called from	add_contact
2018-04-07 10:58:42,607   INFO        Function	send_byte_request 	called from	__init__
2018-04-07 10:58:42,620   INFO        Function	send_byte_request 	called from	get_login
2018-04-07 11:00:14,393   INFO        Function	send_byte_request 	called from	__init__
2018-04-07 11:00:14,405   INFO        Function	send_byte_request 	called from	get_login
2018-04-07 11:00:54,109   INFO        Function	send_byte_request 	called from	add_contact
2018-04-07 11:01:06,776   INFO        Function	send_byte_request 	called from	add_contact
2018-04-07 11:01:07,816   INFO        Function	send_byte_request 	called from	add_contact
2018-04-07 11:01:08,758   INFO        Function	send_byte_request 	called from	del_contact
2018-04-07 11:01:09,575   INFO        Function	send_byte_request 	called from	add_contact
2018-04-07 11:01:10,275   INFO        Function	send_byte_request 	called from	add_contact
2018-04-07 11:01:13,553   INFO        Function	send_byte_request 	called from	del_contact
2018-04-07 11:02:10,495   INFO        Function	send_byte_request 	called from	__init__
2018-04-07 11:02:10,507   INFO        Function	send_byte_request 	called from	get_login
2018-04-07 11:03:11,711   INFO        Function	send_byte_request 	called from	__init__
2018-04-07 11:03:11,728   INFO        Function	send_byte_request 	called from	get_login
2018-04-07 11:03:41,953   INFO        Function	send_byte_request 	called from	__init__
2018-04-07 11:03:41,973   INFO        Function	send_byte_request 	called from	get_login
2018-04-07 11:03:56,526   INFO        Function	send_byte_request 	called from	__init__
2018-04-07 11:03:56,540   INFO        Function	send_byte_request 	called from	get_login
2018-04-07 11:06:26,058   INFO        Function	send_byte_request 	called from	__init__
2018-04-07 11:06:26,179   INFO        Function	send_byte_request 	called from	do_get
2018-04-07 11:06:50,101   INFO        Function	send_byte_request 	called from	send_pressed
2018-04-07 11:06:56,929   INFO        Function	send_byte_request 	called from	do_get
2018-04-07 11:07:02,179   INFO        Function	send_byte_request 	called from	do_add
2018-04-07 11:07:08,027   INFO        Function	send_byte_request 	called from	send_pressed
2018-04-07 11:07:25,440   INFO        Function	send_byte_request 	called from	add_contact
2018-04-07 11:07:29,971   INFO        Function	send_byte_request 	called from	send_press
2018-04-07 11:08:12,048   INFO        Function	send_byte_request 	called from	send_press
2018-04-07 11:08:21,592   INFO        Function	send_byte_request 	called from	__init__
2018-04-07 11:08:21,605   INFO        Function	send_byte_request 	called from	get_login
2018-04-07 11:08:26,945   INFO        Function	send_byte_request 	called from	send_press
2018-04-07 11:09:02,818   INFO        Function	send_byte_request 	called from	__init__
2018-04-07 11:09:02,832   INFO        Function	send_byte_request 	called from	get_login
2018-04-07 11:09:26,521   INFO        Function	send_byte_request 	called from	__init__
2018-04-07 11:09:26,533   INFO        Function	send_byte_request 	called from	get_login
2018-04-07 11:11:34,903   INFO        Function	send_byte_request 	called from	__init__
2018-04-07 11:11:34,917   INFO        Function	send_byte_request 	called from	get_login
2018-04-07 11:11:45,737   INFO        Function	send_byte_request 	called from	__init__
2018-04-07 11:11:45,752   INFO        Function	send_byte_request 	called from	get_login
2018-04-07 11:11:57,549   INFO        Function	send_byte_request 	called from	__init__
2018-04-07 11:11:57,565   INFO        Function	send_byte_request 	called from	get_login
2018-04-07 11:14:20,868   INFO        Function	send_byte_request 	called from	__init__
2018-04-07 11:14:20,878   INFO        Function	send_byte_request 	called from	get_login
2018-04-07 11:16:06,272   INFO        Function	send_byte_request 	called from	__init__
2018-04-07 11:16:06,283   INFO        Function	send_byte_request 	called from	get_login
2018-04-07 11:16:18,880   INFO        Function	send_byte_request 	called from	__init__
2018-04-07 11:16:18,891   INFO        Function	send_byte_request 	called from	get_login
2018-04-07 11:16:21,295   INFO        Function	send_byte_request 	called from	__init__
2018-04-07 11:16:21,305   INFO        Function	send_byte_request 	called from	get_login
2018-04-07 11:16:21,947   INFO        Function	send_byte_request 	called from	__init__
2018-04-07 11:16:21,965   INFO        Function	send_byte_request 	called from	get_login
2018-04-07 11:16:22,116   INFO        Function	send_byte_request 	called from	__init__
2018-04-07 11:16:22,125   INFO        Function	send_byte_request 	called from	get_login
2018-04-07 11:16:24,931   INFO        Function	send_byte_request 	called from	add_contact
2018-04-07 11:16:26,958   INFO        Function	send_byte_request 	called from	del_contact
2018-04-07 11:16:27,426   INFO        Function	send_byte_request 	called from	add_contact
2018-04-07 11:16:44,495   INFO        Function	send_byte_request 	called from	send_pressed
2018-04-07 11:16:45,712   INFO        Function	send_byte_request 	called from	send_pressed
2018-04-07 11:16:54,779   INFO        Function	send_byte_request 	called from	__init__
2018-04-07 11:16:54,790   INFO        Function	send_byte_request 	called from	get_login
2018-04-07 11:17:59,274   INFO        Function	send_byte_request 	called from	__init__
2018-04-07 11:17:59,288   INFO        Function	send_byte_request 	called from	get_login
2018-04-07 11:18:09,440   INFO        Function	send_byte_request 	called from	__init__
2018-04-07 11:18:09,454   INFO        Function	send_byte_request 	called from	get_login
2018-04-07 11:18:29,502   INFO        Function	send_byte_request 	called from	__init__
2018-04-07 11:18:29,516   INFO        Function	send_byte_request 	called from	get_login
2018-04-07 11:18:59,152   INFO        Function	send_byte_request 	called from	__init__
2018-04-07 11:18:59,174   INFO        Function	send_byte_request 	called from	do_get
2018-04-07 11:19:04,217   INFO        Function	send_byte_request 	called from	send_pressed
2018-04-07 11:19:12,913   INFO        Function	send_byte_request 	called from	send_pressed
2018-04-07 11:19:19,639   INFO        Function	send_byte_request 	called from	send_press
2018-04-07 11:19:24,467   INFO        Function	send_byte_request 	called from	send_press
2018-04-07 11:46:38,791   INFO        Function	send_byte_request 	called from	__init__
2018-04-07 11:46:38,833   INFO        Function	send_byte_request 	called from	get_login
2018-04-07 11:48:02,351   INFO        Function	send_byte_request 	called from	__init__
2018-04-07 11:48:02,373   INFO        Function	send_byte_request 	called from	get_login
2018-04-07 11:48:42,643   INFO        Function	send_byte_request 	called from	__init__
2018-04-07 11:48:42,654   INFO        Function	send_byte_request 	called from	get_login
2018-04-07 11:48:49,983   INFO        Function	send_byte_request 	called from	__init__
2018-04-07 11:48:49,993   INFO        Function	send_byte_request 	called from	get_login
2018-04-07 11:49:06,588   INFO        Function	send_byte_request 	called from	__init__
2018-04-07 11:49:06,598   INFO        Function	send_byte_request 	called from	get_login
2018-04-07 11:50:03,900   INFO        Function	send_byte_request 	called from	__init__
2018-04-07 11:50:03,925   INFO        Function	send_byte_request 	called from	get_login
2018-04-07 11:50:33,643   INFO        Function	send_byte_request 	called from	__init__
2018-04-07 11:50:33,662   INFO        Function	send_byte_request 	called from	get_login
2018-04-07 11:50:48,395   INFO        Function	send_byte_request 	called from	__init__
2018-04-07 11:50:48,415   INFO        Function	send_byte_request 	called from	get_login
2018-04-07 11:51:08,219   INFO        Function	send_byte_request 	called from	__init__
2018-04-07 11:51:08,239   INFO        Function	send_byte_request 	called from	get_login
2018-04-07 11:55:27,665   INFO        Function	send_byte_request 	called from	__init__
2018-04-07 11:55:27,685   INFO        Function	send_byte_request 	called from	get_login
2018-04-07 11:57:26,947   INFO        Function	send_byte_request 	called from	__init__
2018-04-07 11:57:26,969   INFO        Function	send_byte_request 	called from	get_login
2018-04-07 12:05:47,557   INFO        Function	send_byte_request 	called from	__init__
2018-04-07 12:05:47,585   INFO        Function	send_byte_request 	called from	get_login
2018-04-07 12:06:06,445   INFO        Function	send_byte_request 	called from	__init__
2018-04-07 12:06:06,466   INFO        Function	send_byte_request 	called from	get_login
2018-04-07 12:06:08,441   INFO        Function	send_byte_request 	called from	__init__
2018-04-07 12:06:08,465   INFO        Function	send_byte_request 	called from	get_login
2018-04-07 12:11:25,115   INFO        Function	send_byte_request 	called from	__init__
2018-04-07 12:11:25,136   INFO        Function	send_byte_request 	called from	refresh_contacts
2018-04-07 12:11:28,585   INFO        Function	send_byte_request 	called from	refresh_contacts
2018-04-07 12:17:12,331   INFO        Function	send_byte_request 	called from	__init__
2018-04-07 12:17:12,354   INFO        Function	send_byte_request 	called from	refresh_contacts
2018-04-07 12:17:13,867   INFO        Function	send_byte_request 	called from	refresh_contacts
2018-04-07 12:17:14,675   INFO        Function	send_byte_request 	called from	refresh_contacts
2018-04-07 12:17:14,927   INFO        Function	send_byte_request 	called from	refresh_contacts
