2018-04-19 16:03:20,637   INFO        Function	send_byte_request 	called from	__init__
2018-04-19 16:03:21,153   INFO        Function	send_byte_request 	called from	refresh_contacts
2018-04-19 16:03:22,795   INFO        Function	send_byte_request 	called from	refresh_contacts
2018-04-19 16:03:26,151   INFO        Function	send_byte_request 	called from	send_press
2018-04-19 16:03:27,728   INFO        Function	send_byte_request 	called from	send_press
2018-04-19 16:03:31,375   INFO        Function	send_byte_request 	called from	send_press
2018-04-19 16:03:36,880   INFO        Function	send_byte_request 	called from	send_press
2018-04-19 16:03:40,251   INFO        Function	send_byte_request 	called from	send_press
2018-04-19 16:03:42,848   INFO        Function	send_byte_request 	called from	send_press
2018-04-19 16:03:45,441   INFO        Function	send_byte_request 	called from	send_press
2018-04-19 16:05:24,207   INFO        Function	send_byte_request 	called from	__init__
2018-04-19 16:05:24,718   INFO        Function	send_byte_request 	called from	refresh_contacts
2018-04-19 16:05:28,477   INFO        Function	send_byte_request 	called from	send_press
2018-04-19 16:05:30,449   INFO        Function	send_byte_request 	called from	send_press
2018-04-19 16:05:32,121   INFO        Function	send_byte_request 	called from	send_press
2018-04-19 16:05:34,377   INFO        Function	send_byte_request 	called from	send_press
2018-04-19 16:05:37,175   INFO        Function	send_byte_request 	called from	send_press
2018-04-19 16:06:03,412   INFO        Function	send_byte_request 	called from	__init__
2018-04-19 16:06:03,507   INFO        Function	send_byte_request 	called from	do_get
2018-04-19 16:06:49,807   INFO        Function	send_byte_request 	called from	send_pressed
2018-04-19 16:06:52,659   INFO        Function	send_byte_request 	called from	send_press
2018-04-19 16:07:03,140   INFO        Function	send_byte_request 	called from	send_press
2018-04-19 16:51:53,489   INFO        Function	send_byte_request 	called from	__init__
2018-04-19 16:51:53,547   INFO        Function	send_byte_request 	called from	do_get
2018-04-19 16:52:23,126   INFO        Function	send_byte_request 	called from	send_pressed
2018-04-19 16:52:56,795   INFO        Function	send_byte_request 	called from	__init__
2018-04-19 16:52:56,826   INFO        Function	send_byte_request 	called from	do_get
2018-04-24 18:42:20,625   INFO        Function	send_byte_request 	called from	__init__
2018-04-24 18:42:21,147   INFO        Function	send_byte_request 	called from	refresh_contacts
2018-04-24 18:42:22,764   INFO        Function	send_byte_request 	called from	refresh_contacts
2018-04-24 18:42:24,572   INFO        Function	send_byte_request 	called from	refresh_contacts
2018-04-24 18:42:25,606   INFO        Function	send_byte_request 	called from	refresh_contacts
2018-04-24 18:42:25,803   INFO        Function	send_byte_request 	called from	refresh_contacts
2018-04-24 18:42:26,036   INFO        Function	send_byte_request 	called from	refresh_contacts
